# JRE version: OpenJDK Runtime Environment Temurin-21.0.10+7 (21.0.10+7) (build 21.0.10+7-LTS)
# Java VM: OpenJDK 64-Bit Server VM Temurin-21.0.10+7 (21.0.10+7-LTS, mixed mode, sharing, tiered, compressed oops, compressed class ptrs, g1 gc, windows-amd64)
GC Precious Log:
 CardTable entry size: 512
 Card Set container configuration: InlinePtr #cards 4 size 8 Array Of Cards #cards 32 size 80 Howl #buckets 8 coarsen threshold 7372 Howl Bitmap #cards 1024 size 144 coarsen threshold 921 Card regions per heap region 1 cards per card region 8192
 CPUs: 12 total, 12 available
 Memory: 7532M
 Large Page Support: Disabled
 NUMA Support: Disabled
 Compressed Oops: Enabled (Zero based)
 Heap Region Size: 4M
 Heap Min Capacity: 8M
 Heap Initial Capacity: 120M
 Heap Max Capacity: 8G
 Pre-touch: Disabled
 Parallel Workers: 10
 Concurrent Workers: 3
 Concurrent Refinement Workers: 10
 Periodic GC: Disabled
Heap:
 garbage-first heap   total 839680K, used 536258K [0x0000000600000000, 0x0000000800000000)
  region size 4096K, 10 young (40960K), 1 survivors (4096K)
 Metaspace       used 119772K, committed 125248K, reserved 1179648K
  class space    used 16384K, committed 18432K, reserved 1048576K
GC Heap History (20 events):
Event: 158.532 GC heap before
{Heap before GC invocations=54 (full 0):
 garbage-first heap   total 446464K, used 386632K [0x0000000600000000, 0x0000000800000000)
  region size 4096K, 27 young (110592K), 4 survivors (16384K)
 Metaspace       used 120063K, committed 122816K, reserved 1179648K
  class space    used 16943K, committed 18240K, reserved 1048576K
}
Event: 158.887 GC heap after
{Heap after GC invocations=55 (full 0):
 garbage-first heap   total 446464K, used 302805K [0x0000000600000000, 0x0000000800000000)
  region size 4096K, 3 young (12288K), 3 survivors (12288K)
 Metaspace       used 120063K, committed 122816K, reserved 1179648K
  class space    used 16943K, committed 18240K, reserved 1048576K
}
Event: 163.057 GC heap before
{Heap before GC invocations=55 (full 0):
 garbage-first heap   total 446464K, used 392917K [0x0000000600000000, 0x0000000800000000)
  region size 4096K, 25 young (102400K), 3 survivors (12288K)
 Metaspace       used 120218K, committed 123008K, reserved 1179648K
  class space    used 16947K, committed 18304K, reserved 1048576K
}
Event: 163.091 GC heap after
{Heap after GC invocations=56 (full 0):
 garbage-first heap   total 446464K, used 311296K [0x0000000600000000, 0x0000000800000000)
  region size 4096K, 4 young (16384K), 4 survivors (16384K)
 Metaspace       used 120218K, committed 123008K, reserved 1179648K
  class space    used 16947K, committed 18304K, reserved 1048576K
}
Event: 165.574 GC heap before
{Heap before GC invocations=57 (full 0):
 garbage-first heap   total 520192K, used 405504K [0x0000000600000000, 0x0000000800000000)
  region size 4096K, 27 young (110592K), 4 survivors (16384K)
 Metaspace       used 120309K, committed 123072K, reserved 1179648K
  class space    used 16948K, committed 18304K, reserved 1048576K
}
Event: 165.606 GC heap after
{Heap after GC invocations=58 (full 0):
 garbage-first heap   total 520192K, used 325938K [0x0000000600000000, 0x0000000800000000)
  region size 4096K, 4 young (16384K), 4 survivors (16384K)
 Metaspace       used 120309K, committed 123072K, reserved 1179648K
  class space    used 16948K, committed 18304K, reserved 1048576K
}
Event: 168.913 GC heap before
{Heap before GC invocations=58 (full 0):
 garbage-first heap   total 520192K, used 457010K [0x0000000600000000, 0x0000000800000000)
  region size 4096K, 36 young (147456K), 4 survivors (16384K)
 Metaspace       used 120548K, committed 123328K, reserved 1179648K
  class space    used 16950K, committed 18304K, reserved 1048576K
}
Event: 168.972 GC heap after
{Heap after GC invocations=59 (full 0):
 garbage-first heap   total 835584K, used 344064K [0x0000000600000000, 0x0000000800000000)
  region size 4096K, 5 young (20480K), 5 survivors (20480K)
 Metaspace       used 120548K, committed 123328K, reserved 1179648K
  class space    used 16950K, committed 18304K, reserved 1048576K
}
Event: 1116.598 GC heap before
{Heap before GC invocations=59 (full 0):
 garbage-first heap   total 835584K, used 548864K [0x0000000600000000, 0x0000000800000000)
  region size 4096K, 55 young (225280K), 5 survivors (20480K)
 Metaspace       used 121158K, committed 123968K, reserved 1179648K
  class space    used 16965K, committed 18304K, reserved 1048576K
}
Event: 1117.059 GC heap after
{Heap after GC invocations=60 (full 0):
 garbage-first heap   total 835584K, used 397733K [0x0000000600000000, 0x0000000800000000)
  region size 4096K, 7 young (28672K), 7 survivors (28672K)
 Metaspace       used 121158K, committed 123968K, reserved 1179648K
  class space    used 16965K, committed 18304K, reserved 1048576K
}
Event: 2621.171 GC heap before
{Heap before GC invocations=60 (full 0):
 garbage-first heap   total 835584K, used 631205K [0x0000000600000000, 0x0000000800000000)
  region size 4096K, 65 young (266240K), 7 survivors (28672K)
 Metaspace       used 121578K, committed 124352K, reserved 1179648K
  class space    used 16975K, committed 18304K, reserved 1048576K
}
Event: 2621.459 GC heap after
{Heap after GC invocations=61 (full 0):
 garbage-first heap   total 835584K, used 427033K [0x0000000600000000, 0x0000000800000000)
  region size 4096K, 7 young (28672K), 7 survivors (28672K)
 Metaspace       used 121578K, committed 124352K, reserved 1179648K
  class space    used 16975K, committed 18304K, reserved 1048576K
}
Event: 2630.745 GC heap before
{Heap before GC invocations=61 (full 0):
 garbage-first heap   total 835584K, used 599065K [0x0000000600000000, 0x0000000800000000)
  region size 4096K, 49 young (200704K), 7 survivors (28672K)
 Metaspace       used 122004K, committed 124864K, reserved 1179648K
  class space    used 17010K, committed 18368K, reserved 1048576K
}
Event: 2630.830 GC heap after
{Heap after GC invocations=62 (full 0):
 garbage-first heap   total 835584K, used 455277K [0x0000000600000000, 0x0000000800000000)
  region size 4096K, 7 young (28672K), 7 survivors (28672K)
 Metaspace       used 122004K, committed 124864K, reserved 1179648K
  class space    used 17010K, committed 18368K, reserved 1048576K
}
Event: 2635.270 GC heap before
{Heap before GC invocations=62 (full 0):
 garbage-first heap   total 835584K, used 615021K [0x0000000600000000, 0x0000000800000000)
  region size 4096K, 47 young (192512K), 7 survivors (28672K)
 Metaspace       used 122200K, committed 125120K, reserved 1179648K
  class space    used 17020K, committed 18432K, reserved 1048576K
}
Event: 2635.378 GC heap after
{Heap after GC invocations=63 (full 0):
 garbage-first heap   total 835584K, used 508914K [0x0000000600000000, 0x0000000800000000)
  region size 4096K, 6 young (24576K), 6 survivors (24576K)
 Metaspace       used 122200K, committed 125120K, reserved 1179648K
  class space    used 17020K, committed 18432K, reserved 1048576K
}
Event: 8890.573 GC heap before
{Heap before GC invocations=63 (full 0):
 garbage-first heap   total 835584K, used 697330K [0x0000000600000000, 0x0000000800000000)
  region size 4096K, 53 young (217088K), 6 survivors (24576K)
 Metaspace       used 122312K, committed 125184K, reserved 1179648K
  class space    used 17021K, committed 18432K, reserved 1048576K
}
Event: 8890.846 GC heap after
{Heap after GC invocations=64 (full 0):
 garbage-first heap   total 835584K, used 522658K [0x0000000600000000, 0x0000000800000000)
  region size 4096K, 3 young (12288K), 3 survivors (12288K)
 Metaspace       used 122312K, committed 125184K, reserved 1179648K
  class space    used 17021K, committed 18432K, reserved 1048576K
}
Event: 8893.547 GC heap before
{Heap before GC invocations=64 (full 0):
 garbage-first heap   total 839680K, used 547234K [0x0000000600000000, 0x0000000800000000)
  region size 4096K, 14 young (57344K), 3 survivors (12288K)
 Metaspace       used 119584K, committed 125248K, reserved 1179648K
  class space    used 16374K, committed 18432K, reserved 1048576K
}
Event: 8893.570 GC heap after
{Heap after GC invocations=65 (full 0):
 garbage-first heap   total 839680K, used 503490K [0x0000000600000000, 0x0000000800000000)
  region size 4096K, 1 young (4096K), 1 survivors (4096K)
 Metaspace       used 119584K, committed 125248K, reserved 1179648K
  class space    used 16374K, committed 18432K, reserved 1048576K
}

